2025-06-12 18:24:56 [INFO] root: [REGISTER] strategy 'gaussian'
2025-06-12 18:24:56 [INFO] root: [REGISTER] strategy 'random_uniform'
2025-06-12 18:24:56 [INFO] root: [REGISTER] strategy 'creep'
2025-06-12 18:24:56 [INFO] root: [REGISTER] strategy 'reset'
2025-06-12 18:24:56 [INFO] root: [REGISTER] strategy 'tweak_cpu_burst_threshold_delta'
2025-06-12 18:24:56 [INFO] root: [REGISTER] strategy 'tweak_cpu_burst_duration'
2025-06-12 18:24:56 [INFO] root: [REGISTER] strategy 'tweak_memory_spike_threshold_delta'
2025-06-12 18:24:56 [INFO] root: [REGISTER] strategy 'tweak_memory_spike_duration'
2025-06-12 18:24:56 [INFO] root: [REGISTER] strategy 'tweak_io_stress_threshold_delta'
2025-06-12 18:24:56 [INFO] root: [REGISTER] strategy 'tweak_io_stress_duration'
2025-06-12 18:24:56 [INFO] root: [REGISTER] strategy 'tweak_network_spike_threshold_delta'
2025-06-12 18:24:56 [INFO] root: [REGISTER] strategy 'tweak_network_spike_duration'
2025-06-12 18:25:01 [DEBUG] Health: [HEARTBEAT] #1
2025-06-12 18:25:01 [DEBUG] root: [HEARTBEAT] #1
2025-06-12 18:25:03 [INFO] root: [REGISTER] strategy 'meta_reset_gaussian_1749770702_0'
2025-06-12 18:25:03 [INFO] root: [REGISTER] strategy 'meta_gaussian_reset_1749770702_1'
2025-06-12 18:25:03 [INFO] root: [REGISTER] strategy 'meta_random_uniform_gaussian_1749770702_2'
2025-06-12 18:25:03 [INFO] root: [REGISTER] strategy 'meta_random_uniform_creep_1749770702_3'
2025-06-12 18:25:03 [INFO] root: [REGISTER] strategy 'meta_creep_reset_1749770702_4'
2025-06-12 18:25:03 [INFO] root: [REGISTER] strategy 'meta_creep_gaussian_1749770702_5'
2025-06-12 18:25:03 [INFO] root: [REGISTER] strategy 'meta_gaussian_random_uniform_1749770703_6'
2025-06-12 18:25:03 [INFO] root: [REGISTER] strategy 'meta_creep_gaussian_1749770703_7'
2025-06-12 18:25:03 [INFO] root: [REGISTER] strategy 'meta_random_uniform_reset_1749770703_8'
2025-06-12 18:25:03 [INFO] root: [REGISTER] strategy 'meta_gaussian_creep_1749770703_9'
2025-06-12 18:25:06 [DEBUG] Health: [HEARTBEAT] #2
2025-06-12 18:25:06 [DEBUG] root: [HEARTBEAT] #2
2025-06-12 18:25:11 [DEBUG] Health: [HEARTBEAT] #3
2025-06-12 18:25:11 [DEBUG] root: [HEARTBEAT] #3
2025-06-12 18:25:16 [DEBUG] Health: [HEARTBEAT] #4
2025-06-12 18:25:16 [DEBUG] root: [HEARTBEAT] #4
2025-06-12 18:25:21 [DEBUG] Health: [HEARTBEAT] #5
2025-06-12 18:25:21 [DEBUG] root: [HEARTBEAT] #5
2025-06-12 18:25:26 [DEBUG] Health: [HEARTBEAT] #6
2025-06-12 18:25:26 [DEBUG] root: [HEARTBEAT] #6
2025-06-12 18:25:31 [DEBUG] Health: [HEARTBEAT] #7
2025-06-12 18:25:31 [DEBUG] root: [HEARTBEAT] #7
2025-06-12 18:25:37 [DEBUG] Health: [HEARTBEAT] #8
2025-06-12 18:25:37 [DEBUG] root: [HEARTBEAT] #8
2025-06-12 18:25:39 [INFO] root: [REGISTER] strategy 'meta_reset_gaussian_1749770738_10'
2025-06-12 18:25:39 [INFO] root: [REGISTER] strategy 'meta_random_uniform_gaussian_1749770738_11'
2025-06-12 18:25:39 [INFO] root: [REGISTER] strategy 'meta_creep_reset_1749770738_12'
2025-06-12 18:25:39 [INFO] root: [REGISTER] strategy 'meta_gaussian_reset_1749770738_13'
2025-06-12 18:25:39 [INFO] root: [REGISTER] strategy 'meta_reset_creep_1749770738_14'
2025-06-12 18:25:39 [INFO] root: [REGISTER] strategy 'meta_random_uniform_reset_1749770738_15'
2025-06-12 18:25:39 [INFO] root: [REGISTER] strategy 'meta_reset_creep_1749770738_16'
2025-06-12 18:25:39 [INFO] root: [REGISTER] strategy 'meta_creep_gaussian_1749770739_17'
2025-06-12 18:25:39 [INFO] root: [REGISTER] strategy 'meta_creep_reset_1749770739_18'
2025-06-12 18:25:39 [INFO] root: [REGISTER] strategy 'meta_random_uniform_reset_1749770739_19'
2025-06-12 18:25:44 [DEBUG] Health: [HEARTBEAT] #9
2025-06-12 18:25:44 [DEBUG] root: [HEARTBEAT] #9
2025-06-12 18:25:50 [DEBUG] Health: [HEARTBEAT] #10
2025-06-12 18:25:50 [DEBUG] root: [HEARTBEAT] #10
2025-06-12 18:25:50 [INFO] root: [SNAPSHOT] exporting to snapshots\parquet_export
2025-06-12 18:25:50 [INFO] root: [SNAPSHOT] export to snapshots\parquet_export done
2025-06-12 18:25:56 [DEBUG] Health: [HEARTBEAT] #11
2025-06-12 18:25:56 [DEBUG] root: [HEARTBEAT] #11
2025-06-12 18:26:02 [DEBUG] Health: [HEARTBEAT] #12
2025-06-12 18:26:02 [DEBUG] root: [HEARTBEAT] #12
2025-06-12 18:26:09 [DEBUG] Health: [HEARTBEAT] #13
2025-06-12 18:26:09 [DEBUG] root: [HEARTBEAT] #13
2025-06-12 18:26:10 [INFO] root: [REGISTER] strategy 'meta_creep_random_uniform_1749770769_20'
2025-06-12 18:26:10 [INFO] root: [REGISTER] strategy 'meta_creep_reset_1749770769_21'
2025-06-12 18:26:10 [INFO] root: [REGISTER] strategy 'meta_gaussian_random_uniform_1749770769_22'
2025-06-12 18:26:10 [INFO] root: [REGISTER] strategy 'meta_random_uniform_reset_1749770769_23'
2025-06-12 18:26:10 [INFO] root: [REGISTER] strategy 'meta_gaussian_random_uniform_1749770770_24'
2025-06-12 18:26:10 [INFO] root: [REGISTER] strategy 'meta_reset_gaussian_1749770770_25'
2025-06-12 18:26:10 [INFO] root: [REGISTER] strategy 'meta_creep_reset_1749770770_26'
2025-06-12 18:26:10 [INFO] root: [REGISTER] strategy 'meta_gaussian_reset_1749770770_27'
2025-06-12 18:26:10 [INFO] root: [REGISTER] strategy 'meta_gaussian_creep_1749770770_28'
2025-06-12 18:26:10 [INFO] root: [REGISTER] strategy 'meta_gaussian_random_uniform_1749770770_29'
2025-06-12 18:26:19 [DEBUG] Health: [HEARTBEAT] #14
2025-06-12 18:26:19 [DEBUG] root: [HEARTBEAT] #14
2025-06-12 18:26:26 [DEBUG] Health: [HEARTBEAT] #15
2025-06-12 18:26:26 [DEBUG] root: [HEARTBEAT] #15
2025-06-12 18:26:35 [DEBUG] Health: [HEARTBEAT] #16
2025-06-12 18:26:35 [DEBUG] root: [HEARTBEAT] #16
2025-06-12 18:26:47 [DEBUG] Health: [HEARTBEAT] #17
2025-06-12 18:26:47 [DEBUG] root: [HEARTBEAT] #17
2025-06-12 18:26:48 [INFO] root: [REGISTER] strategy 'meta_random_uniform_gaussian_1749770807_30'
2025-06-12 18:26:48 [INFO] root: [REGISTER] strategy 'meta_random_uniform_reset_1749770807_31'
2025-06-12 18:26:48 [INFO] root: [REGISTER] strategy 'meta_random_uniform_gaussian_1749770807_32'
2025-06-12 18:26:48 [INFO] root: [REGISTER] strategy 'meta_creep_gaussian_1749770807_33'
2025-06-12 18:26:48 [INFO] root: [REGISTER] strategy 'meta_creep_gaussian_1749770807_34'
2025-06-12 18:26:48 [INFO] root: [REGISTER] strategy 'meta_reset_gaussian_1749770807_35'
2025-06-12 18:26:48 [INFO] root: [REGISTER] strategy 'meta_random_uniform_creep_1749770807_36'
2025-06-12 18:26:48 [INFO] root: [REGISTER] strategy 'meta_reset_creep_1749770808_37'
2025-06-12 18:26:48 [INFO] root: [REGISTER] strategy 'meta_gaussian_reset_1749770808_38'
2025-06-12 18:26:48 [INFO] root: [REGISTER] strategy 'meta_reset_creep_1749770808_39'
2025-06-12 18:26:56 [DEBUG] Health: [HEARTBEAT] #18
2025-06-12 18:26:56 [DEBUG] root: [HEARTBEAT] #18
2025-06-12 18:27:04 [DEBUG] Health: [HEARTBEAT] #19
2025-06-12 18:27:04 [DEBUG] root: [HEARTBEAT] #19
2025-06-12 18:27:14 [DEBUG] Health: [HEARTBEAT] #20
2025-06-12 18:27:14 [DEBUG] root: [HEARTBEAT] #20
2025-06-12 18:27:14 [INFO] root: [SNAPSHOT] exporting to snapshots\parquet_export
2025-06-12 18:27:14 [INFO] root: [SNAPSHOT] export to snapshots\parquet_export done
2025-06-12 18:27:23 [DEBUG] Health: [HEARTBEAT] #21
2025-06-12 18:27:23 [DEBUG] root: [HEARTBEAT] #21
2025-06-12 18:27:25 [INFO] root: [REGISTER] strategy 'meta_creep_gaussian_1749770844_40'
2025-06-12 18:27:25 [INFO] root: [REGISTER] strategy 'meta_creep_gaussian_1749770844_41'
2025-06-12 18:27:25 [INFO] root: [REGISTER] strategy 'meta_gaussian_random_uniform_1749770844_42'
2025-06-12 18:27:25 [INFO] root: [REGISTER] strategy 'meta_creep_reset_1749770844_43'
2025-06-12 18:27:25 [INFO] root: [REGISTER] strategy 'meta_creep_reset_1749770844_44'
2025-06-12 18:27:25 [INFO] root: [REGISTER] strategy 'meta_creep_reset_1749770844_45'
2025-06-12 18:27:25 [INFO] root: [REGISTER] strategy 'meta_gaussian_random_uniform_1749770844_46'
2025-06-12 18:27:25 [INFO] root: [REGISTER] strategy 'meta_random_uniform_reset_1749770844_47'
2025-06-12 18:27:25 [INFO] root: [REGISTER] strategy 'meta_reset_random_uniform_1749770845_48'
2025-06-12 18:27:25 [INFO] root: [REGISTER] strategy 'meta_random_uniform_gaussian_1749770845_49'
2025-06-12 18:27:34 [DEBUG] Health: [HEARTBEAT] #22
2025-06-12 18:27:34 [DEBUG] root: [HEARTBEAT] #22
2025-06-12 18:27:45 [DEBUG] Health: [HEARTBEAT] #23
2025-06-12 18:27:45 [DEBUG] root: [HEARTBEAT] #23
2025-06-12 18:27:56 [DEBUG] Health: [HEARTBEAT] #24
2025-06-12 18:27:56 [DEBUG] root: [HEARTBEAT] #24
2025-06-12 18:27:58 [INFO] root: [REGISTER] strategy 'meta_reset_random_uniform_1749770877_50'
2025-06-12 18:27:58 [INFO] root: [REGISTER] strategy 'meta_gaussian_random_uniform_1749770877_51'
2025-06-12 18:27:58 [INFO] root: [REGISTER] strategy 'meta_gaussian_random_uniform_1749770877_52'
2025-06-12 18:27:58 [INFO] root: [REGISTER] strategy 'meta_creep_reset_1749770877_53'
2025-06-12 18:27:58 [INFO] root: [REGISTER] strategy 'meta_reset_gaussian_1749770877_54'
2025-06-12 18:27:58 [INFO] root: [REGISTER] strategy 'meta_creep_gaussian_1749770877_55'
2025-06-12 18:27:58 [INFO] root: [REGISTER] strategy 'meta_random_uniform_reset_1749770877_56'
2025-06-12 18:27:58 [INFO] root: [REGISTER] strategy 'meta_reset_random_uniform_1749770877_57'
2025-06-12 18:27:58 [INFO] root: [REGISTER] strategy 'meta_gaussian_reset_1749770878_58'
2025-06-12 18:27:58 [INFO] root: [REGISTER] strategy 'meta_random_uniform_reset_1749770878_59'
2025-06-12 18:29:04 [DEBUG] Health: [HEARTBEAT] #25
2025-06-12 18:29:04 [DEBUG] root: [HEARTBEAT] #25
2025-06-12 18:29:36 [DEBUG] Health: [HEARTBEAT] #26
2025-06-12 18:29:36 [DEBUG] root: [HEARTBEAT] #26
2025-06-12 18:29:40 [DEBUG] root: [36m[GOAL ENGINE] Selected 'MemSpike_26' via exploit[0m
2025-06-12 18:30:17 [DEBUG] Health: [HEARTBEAT] #27
2025-06-12 18:30:17 [DEBUG] root: [HEARTBEAT] #27
2025-06-12 18:30:51 [DEBUG] Health: [HEARTBEAT] #28
2025-06-12 18:30:51 [DEBUG] root: [HEARTBEAT] #28
2025-06-12 18:31:27 [DEBUG] Health: [HEARTBEAT] #29
2025-06-12 18:31:27 [DEBUG] root: [HEARTBEAT] #29
2025-06-12 18:32:05 [DEBUG] Health: [HEARTBEAT] #30
2025-06-12 18:32:05 [DEBUG] root: [HEARTBEAT] #30
2025-06-12 18:32:06 [INFO] root: [SNAPSHOT] exporting to snapshots\parquet_export
2025-06-12 18:32:09 [INFO] root: [SNAPSHOT] export to snapshots\parquet_export done
2025-06-12 18:32:43 [DEBUG] Health: [HEARTBEAT] #31
2025-06-12 18:32:43 [DEBUG] root: [HEARTBEAT] #31
2025-06-12 18:33:28 [DEBUG] Health: [HEARTBEAT] #32
2025-06-12 18:33:28 [DEBUG] root: [HEARTBEAT] #32
2025-06-12 18:34:03 [DEBUG] Health: [HEARTBEAT] #33
2025-06-12 18:34:04 [DEBUG] root: [HEARTBEAT] #33
2025-06-12 18:34:45 [DEBUG] Health: [HEARTBEAT] #34
2025-06-12 18:34:45 [DEBUG] root: [HEARTBEAT] #34
2025-06-12 18:35:26 [DEBUG] Health: [HEARTBEAT] #35
2025-06-12 18:35:26 [DEBUG] root: [HEARTBEAT] #35
2025-06-12 18:36:03 [DEBUG] Health: [HEARTBEAT] #36
2025-06-12 18:36:03 [DEBUG] root: [HEARTBEAT] #36
2025-06-12 18:36:34 [DEBUG] Health: [HEARTBEAT] #37
2025-06-12 18:36:34 [DEBUG] root: [HEARTBEAT] #37
2025-06-12 18:36:40 [DEBUG] Health: [HEARTBEAT] #38
2025-06-12 18:36:40 [DEBUG] root: [HEARTBEAT] #38
2025-06-12 18:36:47 [DEBUG] Health: [HEARTBEAT] #39
2025-06-12 18:36:47 [DEBUG] root: [HEARTBEAT] #39
2025-06-12 18:36:58 [DEBUG] Health: [HEARTBEAT] #40
2025-06-12 18:36:58 [DEBUG] root: [HEARTBEAT] #40
2025-06-12 18:36:58 [INFO] root: [SNAPSHOT] exporting to snapshots\parquet_export
2025-06-12 18:36:59 [INFO] root: [SNAPSHOT] export to snapshots\parquet_export done
2025-06-12 18:37:04 [DEBUG] Health: [HEARTBEAT] #41
2025-06-12 18:37:04 [DEBUG] root: [HEARTBEAT] #41
2025-06-12 18:37:11 [DEBUG] Health: [HEARTBEAT] #42
2025-06-12 18:37:11 [DEBUG] root: [HEARTBEAT] #42
2025-06-12 18:37:17 [DEBUG] Health: [HEARTBEAT] #43
2025-06-12 18:37:17 [DEBUG] root: [HEARTBEAT] #43
2025-06-12 18:37:24 [DEBUG] Health: [HEARTBEAT] #44
2025-06-12 18:37:24 [DEBUG] root: [HEARTBEAT] #44
2025-06-12 18:37:30 [DEBUG] Health: [HEARTBEAT] #45
2025-06-12 18:37:30 [DEBUG] root: [HEARTBEAT] #45
2025-06-12 18:37:37 [DEBUG] Health: [HEARTBEAT] #46
2025-06-12 18:37:37 [DEBUG] root: [HEARTBEAT] #46
2025-06-12 18:37:48 [DEBUG] Health: [HEARTBEAT] #47
2025-06-12 18:37:48 [DEBUG] root: [HEARTBEAT] #47
2025-06-12 18:37:56 [DEBUG] Health: [HEARTBEAT] #48
2025-06-12 18:37:56 [DEBUG] root: [HEARTBEAT] #48
2025-06-12 18:38:02 [DEBUG] Health: [HEARTBEAT] #49
2025-06-12 18:38:02 [DEBUG] root: [HEARTBEAT] #49
2025-06-12 18:38:09 [DEBUG] Health: [HEARTBEAT] #50
2025-06-12 18:38:09 [DEBUG] root: [HEARTBEAT] #50
2025-06-12 18:38:09 [INFO] root: [SNAPSHOT] exporting to snapshots\parquet_export
2025-06-12 18:38:09 [INFO] root: [SNAPSHOT] export to snapshots\parquet_export done
2025-06-12 18:38:16 [DEBUG] Health: [HEARTBEAT] #51
2025-06-12 18:38:16 [DEBUG] root: [HEARTBEAT] #51
2025-06-12 18:38:24 [DEBUG] Health: [HEARTBEAT] #52
2025-06-12 18:38:24 [DEBUG] root: [HEARTBEAT] #52
2025-06-12 18:38:31 [DEBUG] Health: [HEARTBEAT] #53
2025-06-12 18:38:31 [DEBUG] root: [HEARTBEAT] #53
2025-06-12 18:38:38 [DEBUG] Health: [HEARTBEAT] #54
2025-06-12 18:38:38 [DEBUG] root: [HEARTBEAT] #54
2025-06-12 18:38:45 [DEBUG] Health: [HEARTBEAT] #55
2025-06-12 18:38:45 [DEBUG] root: [HEARTBEAT] #55
2025-06-12 18:38:53 [DEBUG] Health: [HEARTBEAT] #56
2025-06-12 18:38:53 [DEBUG] root: [HEARTBEAT] #56
2025-06-12 18:39:00 [DEBUG] Health: [HEARTBEAT] #57
2025-06-12 18:39:00 [DEBUG] root: [HEARTBEAT] #57
2025-06-12 18:39:07 [DEBUG] Health: [HEARTBEAT] #58
2025-06-12 18:39:07 [DEBUG] root: [HEARTBEAT] #58
2025-06-12 18:39:15 [DEBUG] Health: [HEARTBEAT] #59
2025-06-12 18:39:15 [DEBUG] root: [HEARTBEAT] #59
2025-06-12 18:39:22 [DEBUG] Health: [HEARTBEAT] #60
2025-06-12 18:39:22 [DEBUG] root: [HEARTBEAT] #60
2025-06-12 18:39:22 [INFO] root: [SNAPSHOT] exporting to snapshots\parquet_export
2025-06-12 18:39:22 [INFO] root: [SNAPSHOT] export to snapshots\parquet_export done
2025-06-12 18:39:29 [DEBUG] Health: [HEARTBEAT] #61
2025-06-12 18:39:29 [DEBUG] root: [HEARTBEAT] #61
2025-06-12 18:39:37 [DEBUG] Health: [HEARTBEAT] #62
2025-06-12 18:39:37 [DEBUG] root: [HEARTBEAT] #62
2025-06-12 18:39:51 [DEBUG] Health: [HEARTBEAT] #63
2025-06-12 18:39:51 [DEBUG] root: [HEARTBEAT] #63
2025-06-12 18:39:59 [DEBUG] Health: [HEARTBEAT] #64
2025-06-12 18:39:59 [DEBUG] root: [HEARTBEAT] #64
2025-06-12 18:40:08 [DEBUG] Health: [HEARTBEAT] #65
2025-06-12 18:40:08 [DEBUG] root: [HEARTBEAT] #65
2025-06-12 18:40:15 [DEBUG] Health: [HEARTBEAT] #66
2025-06-12 18:40:15 [DEBUG] root: [HEARTBEAT] #66
2025-06-12 18:40:23 [DEBUG] Health: [HEARTBEAT] #67
2025-06-12 18:40:23 [DEBUG] root: [HEARTBEAT] #67
2025-06-12 18:40:31 [DEBUG] Health: [HEARTBEAT] #68
2025-06-12 18:40:31 [DEBUG] root: [HEARTBEAT] #68
2025-06-12 18:40:39 [DEBUG] Health: [HEARTBEAT] #69
2025-06-12 18:40:39 [DEBUG] root: [HEARTBEAT] #69
2025-06-12 18:40:47 [DEBUG] Health: [HEARTBEAT] #70
2025-06-12 18:40:47 [DEBUG] root: [HEARTBEAT] #70
2025-06-12 18:40:47 [INFO] root: [SNAPSHOT] exporting to snapshots\parquet_export
2025-06-12 18:40:47 [INFO] root: [SNAPSHOT] export to snapshots\parquet_export done
2025-06-12 18:40:55 [DEBUG] Health: [HEARTBEAT] #71
2025-06-12 18:40:55 [DEBUG] root: [HEARTBEAT] #71
2025-06-12 18:41:04 [DEBUG] Health: [HEARTBEAT] #72
2025-06-12 18:41:04 [DEBUG] root: [HEARTBEAT] #72
2025-06-12 18:41:12 [DEBUG] Health: [HEARTBEAT] #73
2025-06-12 18:41:12 [DEBUG] root: [HEARTBEAT] #73
2025-06-12 18:41:21 [DEBUG] Health: [HEARTBEAT] #74
2025-06-12 18:41:21 [DEBUG] root: [HEARTBEAT] #74
2025-06-12 18:41:29 [DEBUG] Health: [HEARTBEAT] #75
2025-06-12 18:41:29 [DEBUG] root: [HEARTBEAT] #75
2025-06-12 18:41:38 [DEBUG] Health: [HEARTBEAT] #76
2025-06-12 18:41:38 [DEBUG] root: [HEARTBEAT] #76
2025-06-12 18:41:38 [DEBUG] root: [36m[GOAL ENGINE] Selected 'NetSpike_76' via exploit[0m
2025-06-12 18:41:46 [DEBUG] Health: [HEARTBEAT] #77
2025-06-12 18:41:46 [DEBUG] root: [HEARTBEAT] #77
2025-06-12 18:41:55 [DEBUG] Health: [HEARTBEAT] #78
2025-06-12 18:41:55 [DEBUG] root: [HEARTBEAT] #78
2025-06-12 18:42:05 [DEBUG] Health: [HEARTBEAT] #79
2025-06-12 18:42:05 [DEBUG] root: [HEARTBEAT] #79
2025-06-12 18:42:14 [DEBUG] Health: [HEARTBEAT] #80
2025-06-12 18:42:14 [DEBUG] root: [HEARTBEAT] #80
2025-06-12 18:42:14 [INFO] root: [SNAPSHOT] exporting to snapshots\parquet_export
2025-06-12 18:42:15 [INFO] root: [SNAPSHOT] export to snapshots\parquet_export done
2025-06-12 18:42:23 [DEBUG] Health: [HEARTBEAT] #81
2025-06-12 18:42:23 [DEBUG] root: [HEARTBEAT] #81
2025-06-12 18:42:33 [DEBUG] Health: [HEARTBEAT] #82
2025-06-12 18:42:33 [DEBUG] root: [HEARTBEAT] #82
2025-06-12 18:42:44 [DEBUG] Health: [HEARTBEAT] #83
2025-06-12 18:42:44 [DEBUG] root: [HEARTBEAT] #83
2025-06-12 18:42:53 [DEBUG] Health: [HEARTBEAT] #84
2025-06-12 18:42:53 [DEBUG] root: [HEARTBEAT] #84
2025-06-12 18:43:06 [DEBUG] Health: [HEARTBEAT] #85
2025-06-12 18:43:06 [DEBUG] root: [HEARTBEAT] #85
2025-06-12 18:43:15 [DEBUG] Health: [HEARTBEAT] #86
2025-06-12 18:43:15 [DEBUG] root: [HEARTBEAT] #86
2025-06-12 18:43:25 [DEBUG] Health: [HEARTBEAT] #87
2025-06-12 18:43:25 [DEBUG] root: [HEARTBEAT] #87
2025-06-12 18:43:34 [DEBUG] Health: [HEARTBEAT] #88
2025-06-12 18:43:34 [DEBUG] root: [HEARTBEAT] #88
2025-06-12 18:43:44 [DEBUG] Health: [HEARTBEAT] #89
2025-06-12 18:43:44 [DEBUG] root: [HEARTBEAT] #89
2025-06-12 18:43:53 [DEBUG] Health: [HEARTBEAT] #90
2025-06-12 18:43:53 [DEBUG] root: [HEARTBEAT] #90
2025-06-12 18:43:53 [INFO] root: [SNAPSHOT] exporting to snapshots\parquet_export
2025-06-12 18:43:53 [INFO] root: [SNAPSHOT] export to snapshots\parquet_export done
2025-06-12 18:44:03 [DEBUG] Health: [HEARTBEAT] #91
2025-06-12 18:44:03 [DEBUG] root: [HEARTBEAT] #91
2025-06-12 18:44:12 [DEBUG] Health: [HEARTBEAT] #92
2025-06-12 18:44:12 [DEBUG] root: [HEARTBEAT] #92
2025-06-12 18:44:22 [DEBUG] Health: [HEARTBEAT] #93
2025-06-12 18:44:22 [DEBUG] root: [HEARTBEAT] #93
2025-06-12 18:44:31 [DEBUG] Health: [HEARTBEAT] #94
2025-06-12 18:44:31 [DEBUG] root: [HEARTBEAT] #94
2025-06-12 18:44:41 [DEBUG] Health: [HEARTBEAT] #95
2025-06-12 18:44:41 [DEBUG] root: [HEARTBEAT] #95
2025-06-12 18:44:51 [DEBUG] Health: [HEARTBEAT] #96
2025-06-12 18:44:51 [DEBUG] root: [HEARTBEAT] #96
2025-06-12 18:45:01 [DEBUG] Health: [HEARTBEAT] #97
2025-06-12 18:45:01 [DEBUG] root: [HEARTBEAT] #97
2025-06-12 18:45:11 [DEBUG] Health: [HEARTBEAT] #98
2025-06-12 18:45:11 [DEBUG] root: [HEARTBEAT] #98
2025-06-12 18:45:21 [DEBUG] Health: [HEARTBEAT] #99
2025-06-12 18:45:21 [DEBUG] root: [HEARTBEAT] #99
2025-06-12 18:45:31 [DEBUG] Health: [HEARTBEAT] #100
2025-06-12 18:45:31 [DEBUG] root: [HEARTBEAT] #100
2025-06-12 18:45:31 [INFO] root: [SNAPSHOT] exporting to snapshots\parquet_export
2025-06-12 18:45:31 [INFO] root: [SNAPSHOT] export to snapshots\parquet_export done
2025-06-12 18:45:43 [DEBUG] Health: [HEARTBEAT] #101
2025-06-12 18:45:43 [DEBUG] root: [HEARTBEAT] #101
2025-06-12 18:45:54 [DEBUG] Health: [HEARTBEAT] #102
2025-06-12 18:45:54 [DEBUG] root: [HEARTBEAT] #102
2025-06-12 18:46:05 [DEBUG] Health: [HEARTBEAT] #103
2025-06-12 18:46:05 [DEBUG] root: [HEARTBEAT] #103
2025-06-12 18:46:16 [DEBUG] Health: [HEARTBEAT] #104
2025-06-12 18:46:16 [DEBUG] root: [HEARTBEAT] #104
2025-06-12 18:46:26 [DEBUG] Health: [HEARTBEAT] #105
2025-06-12 18:46:26 [DEBUG] root: [HEARTBEAT] #105
2025-06-12 18:46:37 [DEBUG] Health: [HEARTBEAT] #106
2025-06-12 18:46:37 [DEBUG] root: [HEARTBEAT] #106
2025-06-12 18:46:48 [DEBUG] Health: [HEARTBEAT] #107
2025-06-12 18:46:48 [DEBUG] root: [HEARTBEAT] #107
2025-06-12 18:47:04 [DEBUG] Health: [HEARTBEAT] #108
2025-06-12 18:47:04 [DEBUG] root: [HEARTBEAT] #108
2025-06-12 18:47:15 [DEBUG] Health: [HEARTBEAT] #109
2025-06-12 18:47:15 [DEBUG] root: [HEARTBEAT] #109
2025-06-12 18:47:26 [DEBUG] Health: [HEARTBEAT] #110
2025-06-12 18:47:26 [DEBUG] root: [HEARTBEAT] #110
2025-06-12 18:47:26 [INFO] root: [SNAPSHOT] exporting to snapshots\parquet_export
2025-06-12 18:47:26 [INFO] root: [SNAPSHOT] export to snapshots\parquet_export done
2025-06-12 18:47:41 [DEBUG] Health: [HEARTBEAT] #111
2025-06-12 18:47:41 [DEBUG] root: [HEARTBEAT] #111
2025-06-12 18:47:52 [DEBUG] Health: [HEARTBEAT] #112
2025-06-12 18:47:52 [DEBUG] root: [HEARTBEAT] #112
2025-06-12 18:48:03 [DEBUG] Health: [HEARTBEAT] #113
2025-06-12 18:48:03 [DEBUG] root: [HEARTBEAT] #113
2025-06-12 18:48:15 [DEBUG] Health: [HEARTBEAT] #114
2025-06-12 18:48:15 [DEBUG] root: [HEARTBEAT] #114
2025-06-12 18:48:27 [DEBUG] Health: [HEARTBEAT] #115
2025-06-12 18:48:27 [DEBUG] root: [HEARTBEAT] #115
2025-06-12 18:48:39 [DEBUG] Health: [HEARTBEAT] #116
2025-06-12 18:48:39 [DEBUG] root: [HEARTBEAT] #116
2025-06-12 18:48:51 [DEBUG] Health: [HEARTBEAT] #117
2025-06-12 18:48:51 [DEBUG] root: [HEARTBEAT] #117
2025-06-12 18:49:05 [DEBUG] Health: [HEARTBEAT] #118
2025-06-12 18:49:05 [DEBUG] root: [HEARTBEAT] #118
2025-06-12 18:49:16 [DEBUG] Health: [HEARTBEAT] #119
2025-06-12 18:49:16 [DEBUG] root: [HEARTBEAT] #119
2025-06-12 18:49:28 [DEBUG] Health: [HEARTBEAT] #120
2025-06-12 18:49:28 [DEBUG] root: [HEARTBEAT] #120
2025-06-12 18:49:28 [INFO] root: [SNAPSHOT] exporting to snapshots\parquet_export
2025-06-12 18:49:28 [INFO] root: [SNAPSHOT] export to snapshots\parquet_export done
2025-06-12 18:49:40 [DEBUG] Health: [HEARTBEAT] #121
2025-06-12 18:49:40 [DEBUG] root: [HEARTBEAT] #121
2025-06-12 18:49:54 [DEBUG] Health: [HEARTBEAT] #122
2025-06-12 18:49:54 [DEBUG] root: [HEARTBEAT] #122
2025-06-12 18:50:06 [DEBUG] Health: [HEARTBEAT] #123
2025-06-12 18:50:06 [DEBUG] root: [HEARTBEAT] #123
2025-06-12 18:50:21 [DEBUG] Health: [HEARTBEAT] #124
2025-06-12 18:50:21 [DEBUG] root: [HEARTBEAT] #124
2025-06-12 18:50:33 [DEBUG] Health: [HEARTBEAT] #125
2025-06-12 18:50:33 [DEBUG] root: [HEARTBEAT] #125
2025-06-12 18:50:45 [DEBUG] Health: [HEARTBEAT] #126
2025-06-12 18:50:45 [DEBUG] root: [HEARTBEAT] #126
2025-06-12 18:50:46 [DEBUG] root: [36m[GOAL ENGINE] Selected 'MemSpike_126' via exploit[0m
2025-06-12 18:50:58 [DEBUG] Health: [HEARTBEAT] #127
2025-06-12 18:50:58 [DEBUG] root: [HEARTBEAT] #127
2025-06-12 18:51:10 [DEBUG] Health: [HEARTBEAT] #128
2025-06-12 18:51:10 [DEBUG] root: [HEARTBEAT] #128
2025-06-12 18:51:23 [DEBUG] Health: [HEARTBEAT] #129
2025-06-12 18:51:23 [DEBUG] root: [HEARTBEAT] #129
2025-06-12 18:51:37 [DEBUG] Health: [HEARTBEAT] #130
2025-06-12 18:51:37 [DEBUG] root: [HEARTBEAT] #130
2025-06-12 18:51:37 [INFO] root: [SNAPSHOT] exporting to snapshots\parquet_export
2025-06-12 18:51:37 [INFO] root: [SNAPSHOT] export to snapshots\parquet_export done
2025-06-12 18:51:52 [DEBUG] Health: [HEARTBEAT] #131
2025-06-12 18:51:52 [DEBUG] root: [HEARTBEAT] #131
2025-06-12 18:52:05 [DEBUG] Health: [HEARTBEAT] #132
2025-06-12 18:52:05 [DEBUG] root: [HEARTBEAT] #132
2025-06-12 18:52:18 [DEBUG] Health: [HEARTBEAT] #133
2025-06-12 18:52:18 [DEBUG] root: [HEARTBEAT] #133
2025-06-12 18:52:31 [DEBUG] Health: [HEARTBEAT] #134
2025-06-12 18:52:31 [DEBUG] root: [HEARTBEAT] #134
2025-06-12 18:52:43 [DEBUG] Health: [HEARTBEAT] #135
2025-06-12 18:52:43 [DEBUG] root: [HEARTBEAT] #135
2025-06-12 18:52:56 [DEBUG] Health: [HEARTBEAT] #136
2025-06-12 18:52:56 [DEBUG] root: [HEARTBEAT] #136
2025-06-12 18:53:09 [DEBUG] Health: [HEARTBEAT] #137
2025-06-12 18:53:09 [DEBUG] root: [HEARTBEAT] #137
2025-06-12 18:53:23 [DEBUG] Health: [HEARTBEAT] #138
2025-06-12 18:53:23 [DEBUG] root: [HEARTBEAT] #138
2025-06-12 18:53:36 [DEBUG] Health: [HEARTBEAT] #139
2025-06-12 18:53:36 [DEBUG] root: [HEARTBEAT] #139
2025-06-12 18:53:50 [DEBUG] Health: [HEARTBEAT] #140
2025-06-12 18:53:50 [DEBUG] root: [HEARTBEAT] #140
2025-06-12 18:53:50 [INFO] root: [SNAPSHOT] exporting to snapshots\parquet_export
2025-06-12 18:53:50 [INFO] root: [SNAPSHOT] export to snapshots\parquet_export done
2025-06-12 18:54:03 [DEBUG] Health: [HEARTBEAT] #141
2025-06-12 18:54:03 [DEBUG] root: [HEARTBEAT] #141
2025-06-12 18:54:17 [DEBUG] Health: [HEARTBEAT] #142
2025-06-12 18:54:17 [DEBUG] root: [HEARTBEAT] #142
2025-06-12 18:54:31 [DEBUG] Health: [HEARTBEAT] #143
2025-06-12 18:54:31 [DEBUG] root: [HEARTBEAT] #143
2025-06-12 18:54:44 [DEBUG] Health: [HEARTBEAT] #144
2025-06-12 18:54:44 [DEBUG] root: [HEARTBEAT] #144
2025-06-12 18:54:58 [DEBUG] Health: [HEARTBEAT] #145
2025-06-12 18:54:58 [DEBUG] root: [HEARTBEAT] #145
2025-06-12 18:55:11 [DEBUG] Health: [HEARTBEAT] #146
2025-06-12 18:55:11 [DEBUG] root: [HEARTBEAT] #146
2025-06-12 18:55:26 [DEBUG] Health: [HEARTBEAT] #147
2025-06-12 18:55:26 [DEBUG] root: [HEARTBEAT] #147
2025-06-12 18:55:40 [DEBUG] Health: [HEARTBEAT] #148
2025-06-12 18:55:40 [DEBUG] root: [HEARTBEAT] #148
2025-06-12 18:55:54 [DEBUG] Health: [HEARTBEAT] #149
2025-06-12 18:55:54 [DEBUG] root: [HEARTBEAT] #149
2025-06-12 18:56:08 [DEBUG] Health: [HEARTBEAT] #150
2025-06-12 18:56:08 [DEBUG] root: [HEARTBEAT] #150
2025-06-12 18:56:08 [INFO] root: [SNAPSHOT] exporting to snapshots\parquet_export
2025-06-12 18:56:08 [INFO] root: [SNAPSHOT] export to snapshots\parquet_export done
2025-06-12 18:56:23 [DEBUG] Health: [HEARTBEAT] #151
2025-06-12 18:56:23 [DEBUG] root: [HEARTBEAT] #151
2025-06-12 18:56:37 [DEBUG] Health: [HEARTBEAT] #152
2025-06-12 18:56:37 [DEBUG] root: [HEARTBEAT] #152
2025-06-12 18:56:54 [DEBUG] Health: [HEARTBEAT] #153
2025-06-12 18:56:55 [DEBUG] root: [HEARTBEAT] #153
2025-06-12 18:57:15 [DEBUG] Health: [HEARTBEAT] #154
2025-06-12 18:57:15 [DEBUG] root: [HEARTBEAT] #154
2025-06-12 18:57:31 [DEBUG] Health: [HEARTBEAT] #155
2025-06-12 18:57:31 [DEBUG] root: [HEARTBEAT] #155
2025-06-12 18:57:47 [DEBUG] Health: [HEARTBEAT] #156
2025-06-12 18:57:47 [DEBUG] root: [HEARTBEAT] #156
2025-06-12 18:58:01 [DEBUG] Health: [HEARTBEAT] #157
2025-06-12 18:58:01 [DEBUG] root: [HEARTBEAT] #157
2025-06-12 18:58:16 [DEBUG] Health: [HEARTBEAT] #158
2025-06-12 18:58:16 [DEBUG] root: [HEARTBEAT] #158
2025-06-12 18:58:32 [DEBUG] Health: [HEARTBEAT] #159
2025-06-12 18:58:32 [DEBUG] root: [HEARTBEAT] #159
2025-06-12 18:58:46 [DEBUG] Health: [HEARTBEAT] #160
2025-06-12 18:58:46 [DEBUG] root: [HEARTBEAT] #160
2025-06-12 18:58:46 [INFO] root: [SNAPSHOT] exporting to snapshots\parquet_export
2025-06-12 18:58:47 [INFO] root: [SNAPSHOT] export to snapshots\parquet_export done
2025-06-12 18:59:02 [DEBUG] Health: [HEARTBEAT] #161
2025-06-12 18:59:02 [DEBUG] root: [HEARTBEAT] #161
2025-06-12 18:59:17 [DEBUG] Health: [HEARTBEAT] #162
2025-06-12 18:59:17 [DEBUG] root: [HEARTBEAT] #162
2025-06-12 18:59:32 [DEBUG] Health: [HEARTBEAT] #163
2025-06-12 18:59:32 [DEBUG] root: [HEARTBEAT] #163
2025-06-12 18:59:48 [DEBUG] Health: [HEARTBEAT] #164
2025-06-12 18:59:48 [DEBUG] root: [HEARTBEAT] #164
2025-06-12 19:00:03 [DEBUG] Health: [HEARTBEAT] #165
2025-06-12 19:00:03 [DEBUG] root: [HEARTBEAT] #165
2025-06-12 19:00:19 [DEBUG] Health: [HEARTBEAT] #166
2025-06-12 19:00:19 [DEBUG] root: [HEARTBEAT] #166
2025-06-12 19:00:35 [DEBUG] Health: [HEARTBEAT] #167
2025-06-12 19:00:35 [DEBUG] root: [HEARTBEAT] #167
2025-06-12 19:00:50 [DEBUG] Health: [HEARTBEAT] #168
2025-06-12 19:00:50 [DEBUG] root: [HEARTBEAT] #168
2025-06-12 19:01:06 [DEBUG] Health: [HEARTBEAT] #169
2025-06-12 19:01:06 [DEBUG] root: [HEARTBEAT] #169
2025-06-12 19:01:22 [DEBUG] Health: [HEARTBEAT] #170
2025-06-12 19:01:22 [DEBUG] root: [HEARTBEAT] #170
2025-06-12 19:01:22 [INFO] root: [SNAPSHOT] exporting to snapshots\parquet_export
2025-06-12 19:01:22 [INFO] root: [SNAPSHOT] export to snapshots\parquet_export done
2025-06-12 19:01:38 [DEBUG] Health: [HEARTBEAT] #171
2025-06-12 19:01:38 [DEBUG] root: [HEARTBEAT] #171
2025-06-12 19:01:54 [DEBUG] Health: [HEARTBEAT] #172
2025-06-12 19:01:54 [DEBUG] root: [HEARTBEAT] #172
2025-06-12 19:02:10 [DEBUG] Health: [HEARTBEAT] #173
2025-06-12 19:02:10 [DEBUG] root: [HEARTBEAT] #173
2025-06-12 19:02:34 [DEBUG] Health: [HEARTBEAT] #174
2025-06-12 19:02:34 [DEBUG] root: [HEARTBEAT] #174
2025-06-12 19:02:50 [DEBUG] Health: [HEARTBEAT] #175
2025-06-12 19:02:50 [DEBUG] root: [HEARTBEAT] #175
2025-06-12 19:03:07 [DEBUG] Health: [HEARTBEAT] #176
2025-06-12 19:03:07 [DEBUG] root: [HEARTBEAT] #176
2025-06-12 19:03:08 [DEBUG] root: [36m[GOAL ENGINE] Selected 'MemSpike_176' via exploit[0m
2025-06-12 19:03:25 [DEBUG] Health: [HEARTBEAT] #177
2025-06-12 19:03:25 [DEBUG] root: [HEARTBEAT] #177
2025-06-12 19:03:42 [DEBUG] Health: [HEARTBEAT] #178
2025-06-12 19:03:42 [DEBUG] root: [HEARTBEAT] #178
2025-06-12 19:03:59 [DEBUG] Health: [HEARTBEAT] #179
2025-06-12 19:03:59 [DEBUG] root: [HEARTBEAT] #179
2025-06-12 19:04:16 [DEBUG] Health: [HEARTBEAT] #180
2025-06-12 19:04:16 [DEBUG] root: [HEARTBEAT] #180
2025-06-12 19:04:16 [INFO] root: [SNAPSHOT] exporting to snapshots\parquet_export
2025-06-12 19:04:16 [INFO] root: [SNAPSHOT] export to snapshots\parquet_export done
2025-06-12 19:04:33 [DEBUG] Health: [HEARTBEAT] #181
2025-06-12 19:04:33 [DEBUG] root: [HEARTBEAT] #181
2025-06-12 19:04:49 [DEBUG] Health: [HEARTBEAT] #182
2025-06-12 19:04:49 [DEBUG] root: [HEARTBEAT] #182
2025-06-12 19:05:06 [DEBUG] Health: [HEARTBEAT] #183
2025-06-12 19:05:06 [DEBUG] root: [HEARTBEAT] #183
2025-06-12 19:05:23 [DEBUG] Health: [HEARTBEAT] #184
2025-06-12 19:05:23 [DEBUG] root: [HEARTBEAT] #184
2025-06-12 19:05:42 [DEBUG] Health: [HEARTBEAT] #185
2025-06-12 19:05:42 [DEBUG] root: [HEARTBEAT] #185
2025-06-12 19:06:00 [DEBUG] Health: [HEARTBEAT] #186
2025-06-12 19:06:00 [DEBUG] root: [HEARTBEAT] #186
2025-06-12 19:06:20 [DEBUG] Health: [HEARTBEAT] #187
2025-06-12 19:06:20 [DEBUG] root: [HEARTBEAT] #187
2025-06-12 19:06:37 [DEBUG] Health: [HEARTBEAT] #188
2025-06-12 19:06:37 [DEBUG] root: [HEARTBEAT] #188
2025-06-12 19:06:54 [DEBUG] Health: [HEARTBEAT] #189
2025-06-12 19:06:54 [DEBUG] root: [HEARTBEAT] #189
2025-06-12 19:07:11 [DEBUG] Health: [HEARTBEAT] #190
2025-06-12 19:07:11 [DEBUG] root: [HEARTBEAT] #190
2025-06-12 19:07:11 [INFO] root: [SNAPSHOT] exporting to snapshots\parquet_export
2025-06-12 19:07:11 [INFO] root: [SNAPSHOT] export to snapshots\parquet_export done
2025-06-12 19:07:40 [DEBUG] Health: [HEARTBEAT] #191
2025-06-12 19:07:40 [DEBUG] root: [HEARTBEAT] #191
2025-06-12 19:07:58 [DEBUG] Health: [HEARTBEAT] #192
2025-06-12 19:07:58 [DEBUG] root: [HEARTBEAT] #192
2025-06-12 19:08:16 [DEBUG] Health: [HEARTBEAT] #193
2025-06-12 19:08:16 [DEBUG] root: [HEARTBEAT] #193
2025-06-12 19:08:34 [DEBUG] Health: [HEARTBEAT] #194
2025-06-12 19:08:34 [DEBUG] root: [HEARTBEAT] #194
2025-06-12 19:08:52 [DEBUG] Health: [HEARTBEAT] #195
2025-06-12 19:08:52 [DEBUG] root: [HEARTBEAT] #195
2025-06-12 19:09:09 [DEBUG] Health: [HEARTBEAT] #196
2025-06-12 19:09:09 [DEBUG] root: [HEARTBEAT] #196
2025-06-12 19:09:27 [DEBUG] Health: [HEARTBEAT] #197
2025-06-12 19:09:27 [DEBUG] root: [HEARTBEAT] #197
2025-06-12 19:09:45 [DEBUG] Health: [HEARTBEAT] #198
2025-06-12 19:09:45 [DEBUG] root: [HEARTBEAT] #198
2025-06-12 19:10:04 [DEBUG] Health: [HEARTBEAT] #199
2025-06-12 19:10:04 [DEBUG] root: [HEARTBEAT] #199
2025-06-12 19:10:24 [DEBUG] Health: [HEARTBEAT] #200
2025-06-12 19:10:24 [DEBUG] root: [HEARTBEAT] #200
2025-06-12 19:10:24 [INFO] root: [SNAPSHOT] exporting to snapshots\parquet_export
2025-06-12 19:10:25 [INFO] root: [SNAPSHOT] export to snapshots\parquet_export done
2025-06-12 19:10:42 [DEBUG] Health: [HEARTBEAT] #201
2025-06-12 19:10:42 [DEBUG] root: [HEARTBEAT] #201
2025-06-12 19:11:00 [DEBUG] Health: [HEARTBEAT] #202
2025-06-12 19:11:00 [DEBUG] root: [HEARTBEAT] #202
2025-06-12 19:11:19 [DEBUG] Health: [HEARTBEAT] #203
2025-06-12 19:11:19 [DEBUG] root: [HEARTBEAT] #203
2025-06-12 19:11:37 [DEBUG] Health: [HEARTBEAT] #204
2025-06-12 19:11:37 [DEBUG] root: [HEARTBEAT] #204
2025-06-12 19:11:55 [DEBUG] Health: [HEARTBEAT] #205
2025-06-12 19:11:55 [DEBUG] root: [HEARTBEAT] #205
2025-06-12 19:12:14 [DEBUG] Health: [HEARTBEAT] #206
2025-06-12 19:12:14 [DEBUG] root: [HEARTBEAT] #206
2025-06-12 19:12:44 [DEBUG] Health: [HEARTBEAT] #207
2025-06-12 19:12:44 [DEBUG] root: [HEARTBEAT] #207
2025-06-12 19:13:04 [DEBUG] Health: [HEARTBEAT] #208
2025-06-12 19:13:04 [DEBUG] root: [HEARTBEAT] #208
2025-06-12 19:13:22 [DEBUG] Health: [HEARTBEAT] #209
2025-06-12 19:13:22 [DEBUG] root: [HEARTBEAT] #209
2025-06-12 19:13:41 [DEBUG] Health: [HEARTBEAT] #210
2025-06-12 19:13:41 [DEBUG] root: [HEARTBEAT] #210
2025-06-12 19:13:41 [INFO] root: [SNAPSHOT] exporting to snapshots\parquet_export
2025-06-12 19:13:41 [INFO] root: [SNAPSHOT] export to snapshots\parquet_export done
2025-06-12 19:14:00 [DEBUG] Health: [HEARTBEAT] #211
2025-06-12 19:14:00 [DEBUG] root: [HEARTBEAT] #211
2025-06-12 19:14:19 [DEBUG] Health: [HEARTBEAT] #212
2025-06-12 19:14:19 [DEBUG] root: [HEARTBEAT] #212
2025-06-12 19:14:39 [DEBUG] Health: [HEARTBEAT] #213
2025-06-12 19:14:39 [DEBUG] root: [HEARTBEAT] #213
2025-06-12 19:14:58 [DEBUG] Health: [HEARTBEAT] #214
2025-06-12 19:14:58 [DEBUG] root: [HEARTBEAT] #214
2025-06-12 19:15:17 [DEBUG] Health: [HEARTBEAT] #215
2025-06-12 19:15:17 [DEBUG] root: [HEARTBEAT] #215
2025-06-12 19:15:36 [DEBUG] Health: [HEARTBEAT] #216
2025-06-12 19:15:36 [DEBUG] root: [HEARTBEAT] #216
2025-06-12 19:15:57 [DEBUG] Health: [HEARTBEAT] #217
2025-06-12 19:15:57 [DEBUG] root: [HEARTBEAT] #217
2025-06-12 19:16:17 [DEBUG] Health: [HEARTBEAT] #218
2025-06-12 19:16:17 [DEBUG] root: [HEARTBEAT] #218
2025-06-12 19:16:36 [DEBUG] Health: [HEARTBEAT] #219
2025-06-12 19:16:36 [DEBUG] root: [HEARTBEAT] #219
2025-06-12 19:16:58 [DEBUG] Health: [HEARTBEAT] #220
2025-06-12 19:16:58 [DEBUG] root: [HEARTBEAT] #220
2025-06-12 19:16:58 [INFO] root: [SNAPSHOT] exporting to snapshots\parquet_export
2025-06-12 19:16:58 [INFO] root: [SNAPSHOT] export to snapshots\parquet_export done
2025-06-12 19:17:17 [DEBUG] Health: [HEARTBEAT] #221
2025-06-12 19:17:17 [DEBUG] root: [HEARTBEAT] #221
2025-06-12 19:17:38 [DEBUG] Health: [HEARTBEAT] #222
2025-06-12 19:17:38 [DEBUG] root: [HEARTBEAT] #222
2025-06-12 19:17:58 [DEBUG] Health: [HEARTBEAT] #223
2025-06-12 19:17:58 [DEBUG] root: [HEARTBEAT] #223
2025-06-12 19:18:18 [DEBUG] Health: [HEARTBEAT] #224
2025-06-12 19:18:18 [DEBUG] root: [HEARTBEAT] #224
2025-06-12 19:18:38 [DEBUG] Health: [HEARTBEAT] #225
2025-06-12 19:18:38 [DEBUG] root: [HEARTBEAT] #225
2025-06-12 19:19:01 [DEBUG] Health: [HEARTBEAT] #226
2025-06-12 19:19:01 [DEBUG] root: [HEARTBEAT] #226
2025-06-12 19:19:03 [DEBUG] root: [36m[GOAL ENGINE] Selected 'NetSpike_226' via explore[0m
2025-06-12 19:19:21 [DEBUG] Health: [HEARTBEAT] #227
2025-06-12 19:19:21 [DEBUG] root: [HEARTBEAT] #227
2025-06-12 19:19:41 [DEBUG] Health: [HEARTBEAT] #228
2025-06-12 19:19:41 [DEBUG] root: [HEARTBEAT] #228
2025-06-12 19:20:07 [DEBUG] Health: [HEARTBEAT] #229
2025-06-12 19:20:07 [DEBUG] root: [HEARTBEAT] #229
2025-06-12 19:20:27 [DEBUG] Health: [HEARTBEAT] #230
2025-06-12 19:20:27 [DEBUG] root: [HEARTBEAT] #230
2025-06-12 19:20:27 [INFO] root: [SNAPSHOT] exporting to snapshots\parquet_export
2025-06-12 19:20:27 [INFO] root: [SNAPSHOT] export to snapshots\parquet_export done
2025-06-12 19:20:49 [DEBUG] Health: [HEARTBEAT] #231
2025-06-12 19:20:49 [DEBUG] root: [HEARTBEAT] #231
2025-06-12 19:21:10 [DEBUG] Health: [HEARTBEAT] #232
2025-06-12 19:21:10 [DEBUG] root: [HEARTBEAT] #232
2025-06-12 19:21:31 [DEBUG] Health: [HEARTBEAT] #233
2025-06-12 19:21:31 [DEBUG] root: [HEARTBEAT] #233
2025-06-12 19:21:51 [DEBUG] Health: [HEARTBEAT] #234
2025-06-12 19:21:51 [DEBUG] root: [HEARTBEAT] #234
2025-06-12 19:22:13 [DEBUG] Health: [HEARTBEAT] #235
2025-06-12 19:22:13 [DEBUG] root: [HEARTBEAT] #235
2025-06-12 19:22:34 [DEBUG] Health: [HEARTBEAT] #236
2025-06-12 19:22:34 [DEBUG] root: [HEARTBEAT] #236
2025-06-12 19:22:56 [DEBUG] Health: [HEARTBEAT] #237
2025-06-12 19:22:56 [DEBUG] root: [HEARTBEAT] #237
2025-06-12 19:23:18 [DEBUG] Health: [HEARTBEAT] #238
2025-06-12 19:23:18 [DEBUG] root: [HEARTBEAT] #238
2025-06-12 19:23:39 [DEBUG] Health: [HEARTBEAT] #239
2025-06-12 19:23:39 [DEBUG] root: [HEARTBEAT] #239
2025-06-12 19:24:00 [DEBUG] Health: [HEARTBEAT] #240
2025-06-12 19:24:00 [DEBUG] root: [HEARTBEAT] #240
2025-06-12 19:24:00 [INFO] root: [SNAPSHOT] exporting to snapshots\parquet_export
2025-06-12 19:24:00 [INFO] root: [SNAPSHOT] export to snapshots\parquet_export done
2025-06-12 19:24:26 [DEBUG] Health: [HEARTBEAT] #241
2025-06-12 19:24:26 [DEBUG] root: [HEARTBEAT] #241
2025-06-12 19:24:47 [DEBUG] Health: [HEARTBEAT] #242
2025-06-12 19:24:47 [DEBUG] root: [HEARTBEAT] #242
2025-06-12 19:25:08 [DEBUG] Health: [HEARTBEAT] #243
2025-06-12 19:25:08 [DEBUG] root: [HEARTBEAT] #243
2025-06-12 19:25:31 [DEBUG] Health: [HEARTBEAT] #244
2025-06-12 19:25:31 [DEBUG] root: [HEARTBEAT] #244
2025-06-12 19:25:54 [DEBUG] Health: [HEARTBEAT] #245
2025-06-12 19:25:54 [DEBUG] root: [HEARTBEAT] #245
2025-06-12 19:26:15 [DEBUG] Health: [HEARTBEAT] #246
2025-06-12 19:26:15 [DEBUG] root: [HEARTBEAT] #246
2025-06-12 19:26:40 [DEBUG] Health: [HEARTBEAT] #247
2025-06-12 19:26:40 [DEBUG] root: [HEARTBEAT] #247
2025-06-12 19:27:02 [DEBUG] Health: [HEARTBEAT] #248
2025-06-12 19:27:02 [DEBUG] root: [HEARTBEAT] #248
2025-06-12 19:27:24 [DEBUG] Health: [HEARTBEAT] #249
2025-06-12 19:27:24 [DEBUG] root: [HEARTBEAT] #249
2025-06-12 19:27:46 [DEBUG] Health: [HEARTBEAT] #250
2025-06-12 19:27:46 [DEBUG] root: [HEARTBEAT] #250
2025-06-12 19:27:46 [INFO] root: [SNAPSHOT] exporting to snapshots\parquet_export
2025-06-12 19:27:46 [INFO] root: [SNAPSHOT] export to snapshots\parquet_export done
2025-06-12 19:28:08 [DEBUG] Health: [HEARTBEAT] #251
2025-06-12 19:28:08 [DEBUG] root: [HEARTBEAT] #251
2025-06-12 19:28:31 [DEBUG] Health: [HEARTBEAT] #252
2025-06-12 19:28:31 [DEBUG] root: [HEARTBEAT] #252
2025-06-12 19:28:54 [DEBUG] Health: [HEARTBEAT] #253
2025-06-12 19:28:54 [DEBUG] root: [HEARTBEAT] #253
2025-06-12 19:29:16 [DEBUG] Health: [HEARTBEAT] #254
2025-06-12 19:29:16 [DEBUG] root: [HEARTBEAT] #254
2025-06-12 19:29:39 [DEBUG] Health: [HEARTBEAT] #255
2025-06-12 19:29:39 [DEBUG] root: [HEARTBEAT] #255
2025-06-12 19:30:01 [DEBUG] Health: [HEARTBEAT] #256
2025-06-12 19:30:01 [DEBUG] root: [HEARTBEAT] #256
2025-06-12 19:30:25 [DEBUG] Health: [HEARTBEAT] #257
2025-06-12 19:30:25 [DEBUG] root: [HEARTBEAT] #257
2025-06-12 19:30:48 [DEBUG] Health: [HEARTBEAT] #258
2025-06-12 19:30:48 [DEBUG] root: [HEARTBEAT] #258
2025-06-12 19:31:11 [DEBUG] Health: [HEARTBEAT] #259
2025-06-12 19:31:11 [DEBUG] root: [HEARTBEAT] #259
2025-06-12 19:31:34 [DEBUG] Health: [HEARTBEAT] #260
2025-06-12 19:31:34 [DEBUG] root: [HEARTBEAT] #260
2025-06-12 19:31:34 [INFO] root: [SNAPSHOT] exporting to snapshots\parquet_export
2025-06-12 19:31:34 [INFO] root: [SNAPSHOT] export to snapshots\parquet_export done
2025-06-12 19:31:57 [DEBUG] Health: [HEARTBEAT] #261
2025-06-12 19:31:57 [DEBUG] root: [HEARTBEAT] #261
2025-06-12 19:32:20 [DEBUG] Health: [HEARTBEAT] #262
2025-06-12 19:32:20 [DEBUG] root: [HEARTBEAT] #262
2025-06-12 19:32:43 [DEBUG] Health: [HEARTBEAT] #263
2025-06-12 19:32:43 [DEBUG] root: [HEARTBEAT] #263
2025-06-12 19:33:07 [DEBUG] Health: [HEARTBEAT] #264
2025-06-12 19:33:07 [DEBUG] root: [HEARTBEAT] #264
2025-06-12 19:33:30 [DEBUG] Health: [HEARTBEAT] #265
2025-06-12 19:33:30 [DEBUG] root: [HEARTBEAT] #265
2025-06-12 19:33:55 [DEBUG] Health: [HEARTBEAT] #266
2025-06-12 19:33:55 [DEBUG] root: [HEARTBEAT] #266
2025-06-12 19:34:18 [DEBUG] Health: [HEARTBEAT] #267
2025-06-12 19:34:18 [DEBUG] root: [HEARTBEAT] #267
2025-06-12 19:34:43 [DEBUG] Health: [HEARTBEAT] #268
2025-06-12 19:34:43 [DEBUG] root: [HEARTBEAT] #268
2025-06-12 19:35:06 [DEBUG] Health: [HEARTBEAT] #269
2025-06-12 19:35:06 [DEBUG] root: [HEARTBEAT] #269
2025-06-12 19:35:30 [DEBUG] Health: [HEARTBEAT] #270
2025-06-12 19:35:30 [DEBUG] root: [HEARTBEAT] #270
2025-06-12 19:35:30 [INFO] root: [SNAPSHOT] exporting to snapshots\parquet_export
2025-06-12 19:35:30 [INFO] root: [SNAPSHOT] export to snapshots\parquet_export done
2025-06-12 19:35:54 [DEBUG] Health: [HEARTBEAT] #271
2025-06-12 19:35:54 [DEBUG] root: [HEARTBEAT] #271
2025-06-12 19:36:17 [DEBUG] Health: [HEARTBEAT] #272
2025-06-12 19:36:17 [DEBUG] root: [HEARTBEAT] #272
2025-06-12 19:36:41 [DEBUG] Health: [HEARTBEAT] #273
2025-06-12 19:36:41 [DEBUG] root: [HEARTBEAT] #273
2025-06-12 19:37:05 [DEBUG] Health: [HEARTBEAT] #274
2025-06-12 19:37:05 [DEBUG] root: [HEARTBEAT] #274
2025-06-12 19:37:30 [DEBUG] Health: [HEARTBEAT] #275
2025-06-12 19:37:30 [DEBUG] root: [HEARTBEAT] #275
2025-06-12 19:37:54 [DEBUG] Health: [HEARTBEAT] #276
2025-06-12 19:37:54 [DEBUG] root: [HEARTBEAT] #276
2025-06-12 19:37:56 [DEBUG] root: [36m[GOAL ENGINE] Selected 'NetSpike_276' via exploit[0m
2025-06-12 19:38:19 [DEBUG] Health: [HEARTBEAT] #277
2025-06-12 19:38:19 [DEBUG] root: [HEARTBEAT] #277
2025-06-12 19:38:43 [DEBUG] Health: [HEARTBEAT] #278
2025-06-12 19:38:43 [DEBUG] root: [HEARTBEAT] #278
2025-06-12 19:39:07 [DEBUG] Health: [HEARTBEAT] #279
2025-06-12 19:39:07 [DEBUG] root: [HEARTBEAT] #279
2025-06-12 19:39:31 [DEBUG] Health: [HEARTBEAT] #280
2025-06-12 19:39:31 [DEBUG] root: [HEARTBEAT] #280
2025-06-12 19:39:31 [INFO] root: [SNAPSHOT] exporting to snapshots\parquet_export
2025-06-12 19:39:31 [INFO] root: [SNAPSHOT] export to snapshots\parquet_export done
2025-06-12 19:39:56 [DEBUG] Health: [HEARTBEAT] #281
2025-06-12 19:39:56 [DEBUG] root: [HEARTBEAT] #281
2025-06-12 19:40:21 [DEBUG] Health: [HEARTBEAT] #282
2025-06-12 19:40:21 [DEBUG] root: [HEARTBEAT] #282
2025-06-12 19:40:46 [DEBUG] Health: [HEARTBEAT] #283
2025-06-12 19:40:46 [DEBUG] root: [HEARTBEAT] #283
2025-06-12 19:41:13 [DEBUG] Health: [HEARTBEAT] #284
2025-06-12 19:41:13 [DEBUG] root: [HEARTBEAT] #284
2025-06-12 19:41:37 [DEBUG] Health: [HEARTBEAT] #285
2025-06-12 19:41:37 [DEBUG] root: [HEARTBEAT] #285
2025-06-12 19:42:02 [DEBUG] Health: [HEARTBEAT] #286
2025-06-12 19:42:02 [DEBUG] root: [HEARTBEAT] #286
2025-06-12 19:42:27 [DEBUG] Health: [HEARTBEAT] #287
2025-06-12 19:42:27 [DEBUG] root: [HEARTBEAT] #287
2025-06-12 19:42:53 [DEBUG] Health: [HEARTBEAT] #288
2025-06-12 19:42:53 [DEBUG] root: [HEARTBEAT] #288
2025-06-12 19:43:18 [DEBUG] Health: [HEARTBEAT] #289
2025-06-12 19:43:18 [DEBUG] root: [HEARTBEAT] #289
2025-06-12 19:43:44 [DEBUG] Health: [HEARTBEAT] #290
2025-06-12 19:43:44 [DEBUG] root: [HEARTBEAT] #290
2025-06-12 19:43:44 [INFO] root: [SNAPSHOT] exporting to snapshots\parquet_export
2025-06-12 19:43:44 [INFO] root: [SNAPSHOT] export to snapshots\parquet_export done
2025-06-12 19:44:10 [DEBUG] Health: [HEARTBEAT] #291
2025-06-12 19:44:10 [DEBUG] root: [HEARTBEAT] #291
2025-06-12 19:44:37 [DEBUG] Health: [HEARTBEAT] #292
2025-06-12 19:44:37 [DEBUG] root: [HEARTBEAT] #292
2025-06-12 19:45:04 [DEBUG] Health: [HEARTBEAT] #293
2025-06-12 19:45:05 [DEBUG] root: [HEARTBEAT] #293
2025-06-12 19:45:31 [DEBUG] Health: [HEARTBEAT] #294
2025-06-12 19:45:31 [DEBUG] root: [HEARTBEAT] #294
2025-06-12 19:45:57 [DEBUG] Health: [HEARTBEAT] #295
2025-06-12 19:45:57 [DEBUG] root: [HEARTBEAT] #295
2025-06-12 19:46:24 [DEBUG] Health: [HEARTBEAT] #296
2025-06-12 19:46:24 [DEBUG] root: [HEARTBEAT] #296
2025-06-12 19:46:51 [DEBUG] Health: [HEARTBEAT] #297
2025-06-12 19:46:51 [DEBUG] root: [HEARTBEAT] #297
2025-06-12 19:47:16 [DEBUG] Health: [HEARTBEAT] #298
2025-06-12 19:47:16 [DEBUG] root: [HEARTBEAT] #298
2025-06-12 19:47:43 [DEBUG] Health: [HEARTBEAT] #299
2025-06-12 19:47:43 [DEBUG] root: [HEARTBEAT] #299
2025-06-12 19:48:10 [DEBUG] Health: [HEARTBEAT] #300
2025-06-12 19:48:11 [DEBUG] root: [HEARTBEAT] #300
2025-06-12 19:48:11 [INFO] root: [SNAPSHOT] exporting to snapshots\parquet_export
2025-06-12 19:48:11 [INFO] root: [SNAPSHOT] export to snapshots\parquet_export done
2025-06-12 19:48:38 [DEBUG] Health: [HEARTBEAT] #301
2025-06-12 19:48:38 [DEBUG] root: [HEARTBEAT] #301
2025-06-12 19:49:04 [DEBUG] Health: [HEARTBEAT] #302
2025-06-12 19:49:04 [DEBUG] root: [HEARTBEAT] #302
2025-06-12 19:49:30 [DEBUG] Health: [HEARTBEAT] #303
2025-06-12 19:49:30 [DEBUG] root: [HEARTBEAT] #303
2025-06-12 19:49:58 [DEBUG] Health: [HEARTBEAT] #304
2025-06-12 19:49:58 [DEBUG] root: [HEARTBEAT] #304
2025-06-12 19:50:25 [DEBUG] Health: [HEARTBEAT] #305
2025-06-12 19:50:25 [DEBUG] root: [HEARTBEAT] #305
2025-06-12 19:50:51 [DEBUG] Health: [HEARTBEAT] #306
2025-06-12 19:50:51 [DEBUG] root: [HEARTBEAT] #306
2025-06-12 19:51:18 [DEBUG] Health: [HEARTBEAT] #307
2025-06-12 19:51:18 [DEBUG] root: [HEARTBEAT] #307
2025-06-12 19:51:45 [DEBUG] Health: [HEARTBEAT] #308
2025-06-12 19:51:45 [DEBUG] root: [HEARTBEAT] #308
